<?xml version="1.0" encoding="UTF-8"?>
<!-- Generated by org.testng.reporters.JUnitXMLReporter -->
<testsuite hostname="DESKTOP-O4V934H" ignored="2" name="Default test" tests="1" failures="0" timestamp="02 sie 2017 09:05:17 GMT" time="10.297" errors="0">
  <testcase name="openCarDetails" time="5.663" classname="seleniumTests.MainPageTests"/>
  <testcase name="checkTabsTitles" time="0.0" classname="seleniumTests.MainPageTests">
    <ignored/>
  </testcase> <!-- checkTabsTitles -->
  <testcase name="checkAllCarNames" time="0.0" classname="seleniumTests.MainPageTests">
    <ignored/>
  </testcase> <!-- checkAllCarNames -->
</testsuite> <!-- Default test -->
