<?xml version="1.0" encoding="UTF-8"?>
<testng-results skipped="0" failed="0" ignored="2" total="3" passed="1">
  <reporter-output>
  </reporter-output>
  <suite name="Default suite" duration-ms="10297" started-at="2017-08-02T09:05:07Z" finished-at="2017-08-02T09:05:17Z">
    <groups>
    </groups>
    <test name="Default test" duration-ms="10297" started-at="2017-08-02T09:05:07Z" finished-at="2017-08-02T09:05:17Z">
      <class name="seleniumTests.MainPageTests">
        <test-method status="PASS" signature="before()[pri:0, instance:seleniumTests.MainPageTests@3f49dace]" name="before" is-config="true" duration-ms="4405" started-at="2017-08-02T11:05:07Z" finished-at="2017-08-02T11:05:12Z">
          <reporter-output>
          </reporter-output>
        </test-method> <!-- before -->
        <test-method status="PASS" signature="openCarDetails()[pri:0, instance:seleniumTests.MainPageTests@3f49dace]" name="openCarDetails" duration-ms="5663" started-at="2017-08-02T11:05:12Z" finished-at="2017-08-02T11:05:17Z">
          <reporter-output>
          </reporter-output>
        </test-method> <!-- openCarDetails -->
        <test-method status="PASS" signature="after()[pri:0, instance:seleniumTests.MainPageTests@3f49dace]" name="after" is-config="true" duration-ms="206" started-at="2017-08-02T11:05:17Z" finished-at="2017-08-02T11:05:17Z">
          <reporter-output>
          </reporter-output>
        </test-method> <!-- after -->
      </class> <!-- seleniumTests.MainPageTests -->
    </test> <!-- Default test -->
  </suite> <!-- Default suite -->
</testng-results>
